TN:
SF:unit-test/sample/assingments.js
FN:3,(anonymous_0)
FN:18,(anonymous_1)
FN:25,(anonymous_2)
FNF:3
FNH:3
FNDA:1,(anonymous_0)
FNDA:2,(anonymous_1)
FNDA:4,(anonymous_2)
DA:4,1
DA:5,1
DA:6,1
DA:7,1
DA:8,1
DA:9,1
DA:10,1
DA:19,2
DA:20,2
DA:21,2
DA:22,2
DA:26,4
DA:27,1
DA:29,3
DA:34,1
LF:15
LH:15
BRDA:26,0,0,1
BRDA:26,0,1,3
BRF:2
BRH:2
end_of_record
TN:
SF:unit-test/sample/calculator.js
FN:3,(anonymous_0)
FN:5,(anonymous_1)
FN:8,(anonymous_2)
FN:11,(anonymous_3)
FN:14,(anonymous_4)
FNF:5
FNH:5
FNDA:5,(anonymous_0)
FNDA:1,(anonymous_1)
FNDA:1,(anonymous_2)
FNDA:1,(anonymous_3)
FNDA:2,(anonymous_4)
DA:6,1
DA:9,1
DA:12,1
DA:15,2
DA:16,1
DA:18,1
DA:23,1
LF:7
LH:7
BRDA:15,0,0,1
BRDA:15,0,1,1
BRF:2
BRH:2
end_of_record
